-------------------------------------------------------------------------------
Test set: com.glca.app.TicketTrackerAppApplicationTests
-------------------------------------------------------------------------------
Tests run: 1, Failures: 0, Errors: 1, Skipped: 0, Time elapsed: 6.699 s <<< FAILURE! - in com.glca.app.TicketTrackerAppApplicationTests
contextLoads  Time elapsed: 0.016 s  <<< ERROR!
java.lang.IllegalStateException: Failed to load ApplicationContext
Caused by: org.springframework.beans.factory.UnsatisfiedDependencyException: Error creating bean with name 'ticketController': Unsatisfied dependency expressed through field 'ticketService'; nested exception is org.springframework.beans.factory.UnsatisfiedDependencyException: Error creating bean with name 'ticketServiceImple': Unsatisfied dependency expressed through field 'ticketDao'; nested exception is org.springframework.beans.factory.BeanCreationException: Error creating bean with name 'ITicketRepo' defined in com.glca.app.repo.ITicketRepo defined in @EnableJpaRepositories declared on JpaRepositoriesRegistrar.EnableJpaRepositoriesConfiguration: Invocation of init method failed; nested exception is org.springframework.data.repository.query.QueryCreationException: Could not create query for public abstract java.util.List com.glca.app.repo.ITicketRepo.searchTicketByName(java.lang.String); Reason: Failed to create query for method public abstract java.util.List com.glca.app.repo.ITicketRepo.searchTicketByName(java.lang.String)! No property 'name' found for type 'Ticket'; nested exception is java.lang.IllegalArgumentException: Failed to create query for method public abstract java.util.List com.glca.app.repo.ITicketRepo.searchTicketByName(java.lang.String)! No property 'name' found for type 'Ticket'
Caused by: org.springframework.beans.factory.UnsatisfiedDependencyException: Error creating bean with name 'ticketServiceImple': Unsatisfied dependency expressed through field 'ticketDao'; nested exception is org.springframework.beans.factory.BeanCreationException: Error creating bean with name 'ITicketRepo' defined in com.glca.app.repo.ITicketRepo defined in @EnableJpaRepositories declared on JpaRepositoriesRegistrar.EnableJpaRepositoriesConfiguration: Invocation of init method failed; nested exception is org.springframework.data.repository.query.QueryCreationException: Could not create query for public abstract java.util.List com.glca.app.repo.ITicketRepo.searchTicketByName(java.lang.String); Reason: Failed to create query for method public abstract java.util.List com.glca.app.repo.ITicketRepo.searchTicketByName(java.lang.String)! No property 'name' found for type 'Ticket'; nested exception is java.lang.IllegalArgumentException: Failed to create query for method public abstract java.util.List com.glca.app.repo.ITicketRepo.searchTicketByName(java.lang.String)! No property 'name' found for type 'Ticket'
Caused by: org.springframework.beans.factory.BeanCreationException: Error creating bean with name 'ITicketRepo' defined in com.glca.app.repo.ITicketRepo defined in @EnableJpaRepositories declared on JpaRepositoriesRegistrar.EnableJpaRepositoriesConfiguration: Invocation of init method failed; nested exception is org.springframework.data.repository.query.QueryCreationException: Could not create query for public abstract java.util.List com.glca.app.repo.ITicketRepo.searchTicketByName(java.lang.String); Reason: Failed to create query for method public abstract java.util.List com.glca.app.repo.ITicketRepo.searchTicketByName(java.lang.String)! No property 'name' found for type 'Ticket'; nested exception is java.lang.IllegalArgumentException: Failed to create query for method public abstract java.util.List com.glca.app.repo.ITicketRepo.searchTicketByName(java.lang.String)! No property 'name' found for type 'Ticket'
Caused by: org.springframework.data.repository.query.QueryCreationException: Could not create query for public abstract java.util.List com.glca.app.repo.ITicketRepo.searchTicketByName(java.lang.String); Reason: Failed to create query for method public abstract java.util.List com.glca.app.repo.ITicketRepo.searchTicketByName(java.lang.String)! No property 'name' found for type 'Ticket'; nested exception is java.lang.IllegalArgumentException: Failed to create query for method public abstract java.util.List com.glca.app.repo.ITicketRepo.searchTicketByName(java.lang.String)! No property 'name' found for type 'Ticket'
Caused by: java.lang.IllegalArgumentException: Failed to create query for method public abstract java.util.List com.glca.app.repo.ITicketRepo.searchTicketByName(java.lang.String)! No property 'name' found for type 'Ticket'
Caused by: org.springframework.data.mapping.PropertyReferenceException: No property 'name' found for type 'Ticket'

